[0.780s] Invoking command in '/home/inyoung/wlsmd2/src/project': PYTHONPATH=/home/inyoung/wlsmd2/build/project/prefix_override:/usr/lib/python3/dist-packages/colcon_core/task/python/colcon_distutils_commands:/home/inyoung/wlsmd2/install/project/lib/python3.10/site-packages:${PYTHONPATH} /usr/bin/python3 -W ignore:setup.py install is deprecated setup.py egg_info --egg-base ../../build/project build --build-base /home/inyoung/wlsmd2/build/project/build install --record /home/inyoung/wlsmd2/build/project/install.log --single-version-externally-managed install_data
[1.055s] running egg_info
[1.076s] writing ../../build/project/project.egg-info/PKG-INFO
[1.076s] writing dependency_links to ../../build/project/project.egg-info/dependency_links.txt
[1.076s] writing entry points to ../../build/project/project.egg-info/entry_points.txt
[1.076s] writing requirements to ../../build/project/project.egg-info/requires.txt
[1.077s] writing top-level names to ../../build/project/project.egg-info/top_level.txt
[1.120s] reading manifest file '../../build/project/project.egg-info/SOURCES.txt'
[1.121s] writing manifest file '../../build/project/project.egg-info/SOURCES.txt'
[1.121s] running build
[1.121s] running build_py
[1.121s] copying project/amr_control.py -> /home/inyoung/wlsmd2/build/project/build/lib/project
[1.122s] copying project/amr_move.py -> /home/inyoung/wlsmd2/build/project/build/lib/project
[1.122s] copying project/test_amr.py -> /home/inyoung/wlsmd2/build/project/build/lib/project
[1.122s] copying project/test.py -> /home/inyoung/wlsmd2/build/project/build/lib/project
[1.122s] copying project/__init__.py -> /home/inyoung/wlsmd2/build/project/build/lib/project
[1.122s] copying project/flask_gui.py -> /home/inyoung/wlsmd2/build/project/build/lib/project
[1.123s] copying project/test_gui.py -> /home/inyoung/wlsmd2/build/project/build/lib/project
[1.123s] running install
[1.127s] running install_lib
[1.149s] copying /home/inyoung/wlsmd2/build/project/build/lib/project/amr_control.py -> /home/inyoung/wlsmd2/install/project/lib/python3.10/site-packages/project
[1.150s] byte-compiling /home/inyoung/wlsmd2/install/project/lib/python3.10/site-packages/project/amr_control.py to amr_control.cpython-310.pyc
[1.151s] running install_data
[1.152s] copying resource/project -> /home/inyoung/wlsmd2/install/project/share/ament_index/resource_index/packages
[1.152s] copying package.xml -> /home/inyoung/wlsmd2/install/project/share/project
[1.152s] running install_egg_info
[1.175s] removing '/home/inyoung/wlsmd2/install/project/lib/python3.10/site-packages/project-0.0.0-py3.10.egg-info' (and everything under it)
[1.175s] Copying ../../build/project/project.egg-info to /home/inyoung/wlsmd2/install/project/lib/python3.10/site-packages/project-0.0.0-py3.10.egg-info
[1.176s] running install_scripts
[1.338s] Installing amr script to /home/inyoung/wlsmd2/install/project/lib/project
[1.338s] Installing gui script to /home/inyoung/wlsmd2/install/project/lib/project
[1.338s] Installing move script to /home/inyoung/wlsmd2/install/project/lib/project
[1.338s] writing list of installed files to '/home/inyoung/wlsmd2/build/project/install.log'
[1.360s] Invoked command in '/home/inyoung/wlsmd2/src/project' returned '0': PYTHONPATH=/home/inyoung/wlsmd2/build/project/prefix_override:/usr/lib/python3/dist-packages/colcon_core/task/python/colcon_distutils_commands:/home/inyoung/wlsmd2/install/project/lib/python3.10/site-packages:${PYTHONPATH} /usr/bin/python3 -W ignore:setup.py install is deprecated setup.py egg_info --egg-base ../../build/project build --build-base /home/inyoung/wlsmd2/build/project/build install --record /home/inyoung/wlsmd2/build/project/install.log --single-version-externally-managed install_data
