running egg_info
creating ../../build/project/project.egg-info
writing ../../build/project/project.egg-info/PKG-INFO
writing dependency_links to ../../build/project/project.egg-info/dependency_links.txt
writing entry points to ../../build/project/project.egg-info/entry_points.txt
writing requirements to ../../build/project/project.egg-info/requires.txt
writing top-level names to ../../build/project/project.egg-info/top_level.txt
writing manifest file '../../build/project/project.egg-info/SOURCES.txt'
reading manifest file '../../build/project/project.egg-info/SOURCES.txt'
writing manifest file '../../build/project/project.egg-info/SOURCES.txt'
running build
running build_py
creating /home/inyoung/wlsmd2/build/project/build/lib/project
copying project/amr_control.py -> /home/inyoung/wlsmd2/build/project/build/lib/project
copying project/amr_move.py -> /home/inyoung/wlsmd2/build/project/build/lib/project
copying project/test_amr.py -> /home/inyoung/wlsmd2/build/project/build/lib/project
copying project/test.py -> /home/inyoung/wlsmd2/build/project/build/lib/project
copying project/__init__.py -> /home/inyoung/wlsmd2/build/project/build/lib/project
copying project/flask_gui.py -> /home/inyoung/wlsmd2/build/project/build/lib/project
copying project/test_gui.py -> /home/inyoung/wlsmd2/build/project/build/lib/project
running install
running install_lib
creating /home/inyoung/wlsmd2/install/project/lib/python3.10/site-packages/project
copying /home/inyoung/wlsmd2/build/project/build/lib/project/amr_control.py -> /home/inyoung/wlsmd2/install/project/lib/python3.10/site-packages/project
copying /home/inyoung/wlsmd2/build/project/build/lib/project/amr_move.py -> /home/inyoung/wlsmd2/install/project/lib/python3.10/site-packages/project
copying /home/inyoung/wlsmd2/build/project/build/lib/project/test_amr.py -> /home/inyoung/wlsmd2/install/project/lib/python3.10/site-packages/project
copying /home/inyoung/wlsmd2/build/project/build/lib/project/test.py -> /home/inyoung/wlsmd2/install/project/lib/python3.10/site-packages/project
copying /home/inyoung/wlsmd2/build/project/build/lib/project/__init__.py -> /home/inyoung/wlsmd2/install/project/lib/python3.10/site-packages/project
copying /home/inyoung/wlsmd2/build/project/build/lib/project/flask_gui.py -> /home/inyoung/wlsmd2/install/project/lib/python3.10/site-packages/project
copying /home/inyoung/wlsmd2/build/project/build/lib/project/test_gui.py -> /home/inyoung/wlsmd2/install/project/lib/python3.10/site-packages/project
byte-compiling /home/inyoung/wlsmd2/install/project/lib/python3.10/site-packages/project/amr_control.py to amr_control.cpython-310.pyc
byte-compiling /home/inyoung/wlsmd2/install/project/lib/python3.10/site-packages/project/amr_move.py to amr_move.cpython-310.pyc
byte-compiling /home/inyoung/wlsmd2/install/project/lib/python3.10/site-packages/project/test_amr.py to test_amr.cpython-310.pyc
byte-compiling /home/inyoung/wlsmd2/install/project/lib/python3.10/site-packages/project/test.py to test.cpython-310.pyc
byte-compiling /home/inyoung/wlsmd2/install/project/lib/python3.10/site-packages/project/__init__.py to __init__.cpython-310.pyc
byte-compiling /home/inyoung/wlsmd2/install/project/lib/python3.10/site-packages/project/flask_gui.py to flask_gui.cpython-310.pyc
byte-compiling /home/inyoung/wlsmd2/install/project/lib/python3.10/site-packages/project/test_gui.py to test_gui.cpython-310.pyc
running install_data
creating /home/inyoung/wlsmd2/install/project/share/ament_index/resource_index/packages
copying resource/project -> /home/inyoung/wlsmd2/install/project/share/ament_index/resource_index/packages
copying package.xml -> /home/inyoung/wlsmd2/install/project/share/project
running install_egg_info
Copying ../../build/project/project.egg-info to /home/inyoung/wlsmd2/install/project/lib/python3.10/site-packages/project-0.0.0-py3.10.egg-info
running install_scripts
Installing amr script to /home/inyoung/wlsmd2/install/project/lib/project
Installing gui script to /home/inyoung/wlsmd2/install/project/lib/project
Installing move script to /home/inyoung/wlsmd2/install/project/lib/project
writing list of installed files to '/home/inyoung/wlsmd2/build/project/install.log'
