[0.683s] Invoking command in '/home/inyoung/wlsmd2/src/project': PYTHONPATH=/home/inyoung/wlsmd2/build/project/prefix_override:/usr/lib/python3/dist-packages/colcon_core/task/python/colcon_distutils_commands:/home/inyoung/wlsmd2/install/project/lib/python3.10/site-packages:${PYTHONPATH} /usr/bin/python3 -W ignore:setup.py install is deprecated setup.py egg_info --egg-base ../../build/project build --build-base /home/inyoung/wlsmd2/build/project/build install --record /home/inyoung/wlsmd2/build/project/install.log --single-version-externally-managed install_data
[0.926s] running egg_info
[0.944s] creating ../../build/project/project.egg-info
[0.944s] writing ../../build/project/project.egg-info/PKG-INFO
[0.945s] writing dependency_links to ../../build/project/project.egg-info/dependency_links.txt
[0.945s] writing entry points to ../../build/project/project.egg-info/entry_points.txt
[0.945s] writing requirements to ../../build/project/project.egg-info/requires.txt
[0.945s] writing top-level names to ../../build/project/project.egg-info/top_level.txt
[0.945s] writing manifest file '../../build/project/project.egg-info/SOURCES.txt'
[0.983s] reading manifest file '../../build/project/project.egg-info/SOURCES.txt'
[0.984s] writing manifest file '../../build/project/project.egg-info/SOURCES.txt'
[0.984s] running build
[0.984s] running build_py
[0.984s] creating /home/inyoung/wlsmd2/build/project/build/lib/project
[0.984s] copying project/amr_control.py -> /home/inyoung/wlsmd2/build/project/build/lib/project
[0.985s] copying project/amr_move.py -> /home/inyoung/wlsmd2/build/project/build/lib/project
[0.985s] copying project/test_amr.py -> /home/inyoung/wlsmd2/build/project/build/lib/project
[0.985s] copying project/test.py -> /home/inyoung/wlsmd2/build/project/build/lib/project
[0.985s] copying project/__init__.py -> /home/inyoung/wlsmd2/build/project/build/lib/project
[0.985s] copying project/flask_gui.py -> /home/inyoung/wlsmd2/build/project/build/lib/project
[0.985s] copying project/test_gui.py -> /home/inyoung/wlsmd2/build/project/build/lib/project
[0.985s] running install
[0.989s] running install_lib
[1.008s] creating /home/inyoung/wlsmd2/install/project/lib/python3.10/site-packages/project
[1.008s] copying /home/inyoung/wlsmd2/build/project/build/lib/project/amr_control.py -> /home/inyoung/wlsmd2/install/project/lib/python3.10/site-packages/project
[1.008s] copying /home/inyoung/wlsmd2/build/project/build/lib/project/amr_move.py -> /home/inyoung/wlsmd2/install/project/lib/python3.10/site-packages/project
[1.008s] copying /home/inyoung/wlsmd2/build/project/build/lib/project/test_amr.py -> /home/inyoung/wlsmd2/install/project/lib/python3.10/site-packages/project
[1.008s] copying /home/inyoung/wlsmd2/build/project/build/lib/project/test.py -> /home/inyoung/wlsmd2/install/project/lib/python3.10/site-packages/project
[1.008s] copying /home/inyoung/wlsmd2/build/project/build/lib/project/__init__.py -> /home/inyoung/wlsmd2/install/project/lib/python3.10/site-packages/project
[1.008s] copying /home/inyoung/wlsmd2/build/project/build/lib/project/flask_gui.py -> /home/inyoung/wlsmd2/install/project/lib/python3.10/site-packages/project
[1.008s] copying /home/inyoung/wlsmd2/build/project/build/lib/project/test_gui.py -> /home/inyoung/wlsmd2/install/project/lib/python3.10/site-packages/project
[1.009s] byte-compiling /home/inyoung/wlsmd2/install/project/lib/python3.10/site-packages/project/amr_control.py to amr_control.cpython-310.pyc
[1.010s] byte-compiling /home/inyoung/wlsmd2/install/project/lib/python3.10/site-packages/project/amr_move.py to amr_move.cpython-310.pyc
[1.010s] byte-compiling /home/inyoung/wlsmd2/install/project/lib/python3.10/site-packages/project/test_amr.py to test_amr.cpython-310.pyc
[1.010s] byte-compiling /home/inyoung/wlsmd2/install/project/lib/python3.10/site-packages/project/test.py to test.cpython-310.pyc
[1.011s] byte-compiling /home/inyoung/wlsmd2/install/project/lib/python3.10/site-packages/project/__init__.py to __init__.cpython-310.pyc
[1.011s] byte-compiling /home/inyoung/wlsmd2/install/project/lib/python3.10/site-packages/project/flask_gui.py to flask_gui.cpython-310.pyc
[1.011s] byte-compiling /home/inyoung/wlsmd2/install/project/lib/python3.10/site-packages/project/test_gui.py to test_gui.cpython-310.pyc
[1.012s] running install_data
[1.012s] creating /home/inyoung/wlsmd2/install/project/share/ament_index/resource_index/packages
[1.012s] copying resource/project -> /home/inyoung/wlsmd2/install/project/share/ament_index/resource_index/packages
[1.012s] copying package.xml -> /home/inyoung/wlsmd2/install/project/share/project
[1.012s] running install_egg_info
[1.032s] Copying ../../build/project/project.egg-info to /home/inyoung/wlsmd2/install/project/lib/python3.10/site-packages/project-0.0.0-py3.10.egg-info
[1.033s] running install_scripts
[1.181s] Installing amr script to /home/inyoung/wlsmd2/install/project/lib/project
[1.181s] Installing gui script to /home/inyoung/wlsmd2/install/project/lib/project
[1.181s] Installing move script to /home/inyoung/wlsmd2/install/project/lib/project
[1.182s] writing list of installed files to '/home/inyoung/wlsmd2/build/project/install.log'
[1.199s] Invoked command in '/home/inyoung/wlsmd2/src/project' returned '0': PYTHONPATH=/home/inyoung/wlsmd2/build/project/prefix_override:/usr/lib/python3/dist-packages/colcon_core/task/python/colcon_distutils_commands:/home/inyoung/wlsmd2/install/project/lib/python3.10/site-packages:${PYTHONPATH} /usr/bin/python3 -W ignore:setup.py install is deprecated setup.py egg_info --egg-base ../../build/project build --build-base /home/inyoung/wlsmd2/build/project/build install --record /home/inyoung/wlsmd2/build/project/install.log --single-version-externally-managed install_data
