running egg_info
writing ../../build/project/project.egg-info/PKG-INFO
writing dependency_links to ../../build/project/project.egg-info/dependency_links.txt
writing entry points to ../../build/project/project.egg-info/entry_points.txt
writing requirements to ../../build/project/project.egg-info/requires.txt
writing top-level names to ../../build/project/project.egg-info/top_level.txt
reading manifest file '../../build/project/project.egg-info/SOURCES.txt'
writing manifest file '../../build/project/project.egg-info/SOURCES.txt'
running build
running build_py
copying project/amr_control.py -> /home/leejeongmin/wlsmd2/build/project/build/lib/project
running install
running install_lib
copying /home/leejeongmin/wlsmd2/build/project/build/lib/project/amr_control.py -> /home/leejeongmin/wlsmd2/install/project/lib/python3.10/site-packages/project
byte-compiling /home/leejeongmin/wlsmd2/install/project/lib/python3.10/site-packages/project/amr_control.py to amr_control.cpython-310.pyc
running install_data
running install_egg_info
removing '/home/leejeongmin/wlsmd2/install/project/lib/python3.10/site-packages/project-0.0.0-py3.10.egg-info' (and everything under it)
Copying ../../build/project/project.egg-info to /home/leejeongmin/wlsmd2/install/project/lib/python3.10/site-packages/project-0.0.0-py3.10.egg-info
running install_scripts
Installing amr script to /home/leejeongmin/wlsmd2/install/project/lib/project
Installing gui script to /home/leejeongmin/wlsmd2/install/project/lib/project
Installing move script to /home/leejeongmin/wlsmd2/install/project/lib/project
writing list of installed files to '/home/leejeongmin/wlsmd2/build/project/install.log'
