/home/leejeongmin/wlsmd2/install/project/lib/python3.10/site-packages/project/amr_control.py
/home/leejeongmin/wlsmd2/install/project/lib/python3.10/site-packages/project/test_gui.py
/home/leejeongmin/wlsmd2/install/project/lib/python3.10/site-packages/project/flask_gui.py
/home/leejeongmin/wlsmd2/install/project/lib/python3.10/site-packages/project/amr_move.py
/home/leejeongmin/wlsmd2/install/project/lib/python3.10/site-packages/project/test_amr.py
/home/leejeongmin/wlsmd2/install/project/lib/python3.10/site-packages/project/test.py
/home/leejeongmin/wlsmd2/install/project/lib/python3.10/site-packages/project/__init__.py
/home/leejeongmin/wlsmd2/install/project/lib/python3.10/site-packages/project/__pycache__/amr_control.cpython-310.pyc
/home/leejeongmin/wlsmd2/install/project/lib/python3.10/site-packages/project/__pycache__/test_gui.cpython-310.pyc
/home/leejeongmin/wlsmd2/install/project/lib/python3.10/site-packages/project/__pycache__/flask_gui.cpython-310.pyc
/home/leejeongmin/wlsmd2/install/project/lib/python3.10/site-packages/project/__pycache__/amr_move.cpython-310.pyc
/home/leejeongmin/wlsmd2/install/project/lib/python3.10/site-packages/project/__pycache__/test_amr.cpython-310.pyc
/home/leejeongmin/wlsmd2/install/project/lib/python3.10/site-packages/project/__pycache__/test.cpython-310.pyc
/home/leejeongmin/wlsmd2/install/project/lib/python3.10/site-packages/project/__pycache__/__init__.cpython-310.pyc
/home/leejeongmin/wlsmd2/install/project/share/ament_index/resource_index/packages/project
/home/leejeongmin/wlsmd2/install/project/share/project/package.xml
/home/leejeongmin/wlsmd2/install/project/lib/python3.10/site-packages/project-0.0.0-py3.10.egg-info/PKG-INFO
/home/leejeongmin/wlsmd2/install/project/lib/python3.10/site-packages/project-0.0.0-py3.10.egg-info/entry_points.txt
/home/leejeongmin/wlsmd2/install/project/lib/python3.10/site-packages/project-0.0.0-py3.10.egg-info/dependency_links.txt
/home/leejeongmin/wlsmd2/install/project/lib/python3.10/site-packages/project-0.0.0-py3.10.egg-info/top_level.txt
/home/leejeongmin/wlsmd2/install/project/lib/python3.10/site-packages/project-0.0.0-py3.10.egg-info/SOURCES.txt
/home/leejeongmin/wlsmd2/install/project/lib/python3.10/site-packages/project-0.0.0-py3.10.egg-info/requires.txt
/home/leejeongmin/wlsmd2/install/project/lib/python3.10/site-packages/project-0.0.0-py3.10.egg-info/zip-safe
/home/leejeongmin/wlsmd2/install/project/lib/project/amr
/home/leejeongmin/wlsmd2/install/project/lib/project/gui
/home/leejeongmin/wlsmd2/install/project/lib/project/move
